della 6725561
come 2894257
delle 2867654
alla 2600287
sono 2004306
anche 1999789
essere 1314828
questo 1307256
degli 1236594
dalla 1129984
parte 935320
alle 897721
solo 877134
questa 778735
anni 763051
quella 753362
prima 748316
sulla 731460
perché 724668
stato 685669
quale 684179
quanto 678590
sempre 672935
quello 667509
aveva 656128
vita 644785
così 643531
tutti 627042
tempo 619731
modo 619340
ogni 619225
senza 614408
hanno 603359
tutto 598383
quando 591739
altri 587721
ancora 578044
fatto 575094
stesso 573835
dopo 541448
proprio 521978
caso 506724
molto 494063
secondo 488544
dello 476839
mondo 455339
quali 450381
altro 445757
Roma 439987
suoi 426179
dove 424718
dalle 415508
primo 415113
Italia 405346
erano 403248
volta 400386
viene 397868
storia 395102
verso 393379
questi 390870
politica 387821
fare 380817
quel 379782
punto 378426
Milano 376285
quindi 374863
grande 372549
tale 364533
senso 363251
fine 361659
mentre 359649
agli 353138
cosa 350693
esempio 350115
deve 347667
invece 347040
meno 342854
particolare 342448
città 337685
cura 336734
altre 329754
società 328684
attraverso 325164
tutte 324915
possono 323997
sociale 320350
stessa 317023
stata 316620
sistema 316284
qualche 315351
quelle 315249
rispetto 315176
infatti 313064
momento 311861
fino 308899
soprattutto 303159
alcuni 302887
contro 301894
tanto 301573
però 300623
