0.01 15 7.55793079745
0.0162377673919 25 9.34939300224
0.0263665089873 41 11.7975883566
0.0428133239872 66 14.4920084587
0.0695192796178 108 17.9857131399
0.112883789168 175 21.8669220367
0.183298071083 285 26.5499763262
0.297635144163 463 31.9013475809
0.483293023857 752 38.0083744811
0.784759970351 1221 44.5435434069
1.2742749857 1982 51.5973468278
2.06913808111 3219 59.0385414301
3.35981828628 5228 66.4218276079
5.45559478117 8489 73.4730473487
8.8586679041 13785 79.9526849502
14.3844988829 22383 85.6877715599
23.3572146909 36346 90.575444849
37.9269019073 59018 94.5535894352
61.5848211066 95832 97.6721922412
100.0 155611 100.0
